<?xml version="1.0" encoding="UTF-8"?>
<!-- Generated by org.testng.reporters.JUnitReportReporter -->
<testsuite skipped="0" hostname="patapl-GJ69L72" name="Test.TestGuru99Login" tests="2" failures="0" timestamp="7 Dec 2016 20:04:43 GMT" time="21.652" errors="0">
  <testcase name="clickLoginOnHomePage" time="10.939" classname="Test.TestGuru99Login"/>
  <testcase name="clickLoginInLoginPage" time="10.713" classname="Test.TestGuru99Login"/>
</testsuite> <!-- Test.TestGuru99Login -->
